<?xml version="1.0" encoding="UTF-8"?>
<!-- Generated by org.testng.reporters.JUnitReportReporter -->
<testsuite hostname="vund30992" failures="0" tests="6" name="com.nopcommerce.user.Level_24_Browser_Factory" time="32.200" errors="0" timestamp="03 Aug 2023 23:38:32 GMT" skipped="0">
  <testcase classname="com.nopcommerce.user.Level_24_Browser_Factory" name="User_02_Login" time="2.208"/>
  <testcase classname="com.nopcommerce.user.Level_24_Browser_Factory" name="User_01_Register" time="13.342"/>
  <testcase classname="com.nopcommerce.user.Level_24_Browser_Factory" name="User_03_My_Account" time="0.652"/>
  <testcase classname="com.nopcommerce.user.Level_24_Browser_Factory" name="User_03_My_Account" time="0.617"/>
  <testcase classname="com.nopcommerce.user.Level_24_Browser_Factory" name="User_01_Register" time="13.494"/>
  <testcase classname="com.nopcommerce.user.Level_24_Browser_Factory" name="User_02_Login" time="1.887"/>
</testsuite> <!-- com.nopcommerce.user.Level_24_Browser_Factory -->
